<html>
<head>
<title>TestNG:  Test</title>
<link href="../testng.css" rel="stylesheet" type="text/css" />
<link href="../my-testng.css" rel="stylesheet" type="text/css" />

<style type="text/css">
.log { display: none;} 
.stack-trace { display: none;} 
</style>
<script type="text/javascript">
<!--
function flip(e) {
  current = e.style.display;
  if (current == 'block') {
    e.style.display = 'none';
    return 0;
  }
  else {
    e.style.display = 'block';
    return 1;
  }
}

function toggleBox(szDivId, elem, msg1, msg2)
{
  var res = -1;  if (document.getElementById) {
    res = flip(document.getElementById(szDivId));
  }
  else if (document.all) {
    // this is the way old msie versions work
    res = flip(document.all[szDivId]);
  }
  if(elem) {
    if(res == 0) elem.innerHTML = msg1; else elem.innerHTML = msg2;
  }

}

function toggleAllBoxes() {
  if (document.getElementsByTagName) {
    d = document.getElementsByTagName('div');
    for (i = 0; i < d.length; i++) {
      if (d[i].className == 'log') {
        flip(d[i]);
      }
    }
  }
}

// -->
</script>

</head>
<body>
<h2 align='center'>Test</h2><table border='1' align="center">
<tr>
<td>Tests passed/Failed/Skipped:</td><td>3/2/0</td>
</tr><tr>
<td>Started on:</td><td>Sun Apr 23 10:58:27 IST 2017</td>
</tr>
<tr><td>Total time:</td><td>201 seconds (201437 ms)</td>
</tr><tr>
<td>Included groups:</td><td></td>
</tr><tr>
<td>Excluded groups:</td><td></td>
</tr>
</table><p/>
<small><i>(Hover the method name to see the test class name)</i></small><p/>
<table width='100%' border='1' class='invocation-failed'>
<tr><td colspan='4' align='center'><b>FAILED TESTS</b></td></tr>
<tr><td><b>Test method</b></td>
<td width="30%"><b>Exception</b></td>
<td width="10%"><b>Time (seconds)</b></td>
<td><b>Instance</b></td>
</tr>
<tr>
<td title='testScripts.LoginScenario.invalidLogin()'><b>invalidLogin</b><br>Test class: testScripts.LoginScenario<br>Parameters: {TestDescription=This test is to validate invalid login, UserName=sfsds, AccountID=, TC_ID=TC_02, Functionality=invalidLogin, TestScenario=Login_Scenario_Check_Valid_and_Invalid, RunStatus=Y, Run=1.0, InvalidMessage=Sorry we were unable to complete this step because :, Password=sdfsd}</td>
<td><div><pre>java.lang.Exception: The user information is incorrect
	at genericLibraries.BaseClass.forceStopExecution(BaseClass.java:78)
	at genericModules.LoginModule.getUserLogin(LoginModule.java:38)
	at testScripts.LoginScenario.invalidLogin(LoginScenario.java:72)
... Removed 24 stack frames</pre></div><a href='#' onClick='toggleBox("stack-trace173060252", this, "Click to show all stack frames", "Click to hide stack frames")'>Click to show all stack frames</a>
<div class='stack-trace' id='stack-trace173060252'><pre>java.lang.Exception: The user information is incorrect
	at genericLibraries.BaseClass.forceStopExecution(BaseClass.java:78)
	at genericModules.LoginModule.getUserLogin(LoginModule.java:38)
	at testScripts.LoginScenario.invalidLogin(LoginScenario.java:72)
	at sun.reflect.NativeMethodAccessorImpl.invoke0(Native Method)
	at sun.reflect.NativeMethodAccessorImpl.invoke(Unknown Source)
	at sun.reflect.DelegatingMethodAccessorImpl.invoke(Unknown Source)
	at java.lang.reflect.Method.invoke(Unknown Source)
	at org.testng.internal.MethodInvocationHelper.invokeMethod(MethodInvocationHelper.java:85)
	at org.testng.internal.Invoker.invokeMethod(Invoker.java:639)
	at org.testng.internal.Invoker.invokeTestMethod(Invoker.java:816)
	at org.testng.internal.Invoker.invokeTestMethods(Invoker.java:1124)
	at org.testng.internal.TestMethodWorker.invokeTestMethods(TestMethodWorker.java:125)
	at org.testng.internal.TestMethodWorker.run(TestMethodWorker.java:108)
	at org.testng.TestRunner.privateRun(TestRunner.java:774)
	at org.testng.TestRunner.run(TestRunner.java:624)
	at org.testng.SuiteRunner.runTest(SuiteRunner.java:359)
	at org.testng.SuiteRunner.runSequentially(SuiteRunner.java:354)
	at org.testng.SuiteRunner.privateRun(SuiteRunner.java:312)
	at org.testng.SuiteRunner.run(SuiteRunner.java:261)
	at org.testng.SuiteRunnerWorker.runSuite(SuiteRunnerWorker.java:52)
	at org.testng.SuiteRunnerWorker.run(SuiteRunnerWorker.java:86)
	at org.testng.TestNG.runSuitesSequentially(TestNG.java:1215)
	at org.testng.TestNG.runSuitesLocally(TestNG.java:1140)
	at org.testng.TestNG.run(TestNG.java:1048)
	at org.testng.remote.AbstractRemoteTestNG.run(AbstractRemoteTestNG.java:132)
	at org.testng.remote.RemoteTestNG.initAndRun(RemoteTestNG.java:230)
	at org.testng.remote.RemoteTestNG.main(RemoteTestNG.java:76)
</pre></div></td>
<td>14</td>
<td>testScripts.LoginScenario@5bcab519</td></tr>
<tr>
<td title='testScripts.LoginScenario.invalidLogin()'><b>invalidLogin</b><br>Test class: testScripts.LoginScenario<br>Parameters: {TestDescription=This test is to validate invalid login, UserName=, AccountID=, TC_ID=TC_02, Functionality=invalidLogin, TestScenario=Login_Scenario_Check_Valid_and_Invalid, RunStatus=Y, Run=2.0, InvalidMessage=Sorry we were unable to complete this step because :, Password=}</td>
<td><div><pre>java.lang.Exception: The user information is incorrect
	at genericLibraries.BaseClass.forceStopExecution(BaseClass.java:78)
	at genericModules.LoginModule.getUserLogin(LoginModule.java:38)
	at testScripts.LoginScenario.invalidLogin(LoginScenario.java:72)
... Removed 24 stack frames</pre></div><a href='#' onClick='toggleBox("stack-trace1925785585", this, "Click to show all stack frames", "Click to hide stack frames")'>Click to show all stack frames</a>
<div class='stack-trace' id='stack-trace1925785585'><pre>java.lang.Exception: The user information is incorrect
	at genericLibraries.BaseClass.forceStopExecution(BaseClass.java:78)
	at genericModules.LoginModule.getUserLogin(LoginModule.java:38)
	at testScripts.LoginScenario.invalidLogin(LoginScenario.java:72)
	at sun.reflect.NativeMethodAccessorImpl.invoke0(Native Method)
	at sun.reflect.NativeMethodAccessorImpl.invoke(Unknown Source)
	at sun.reflect.DelegatingMethodAccessorImpl.invoke(Unknown Source)
	at java.lang.reflect.Method.invoke(Unknown Source)
	at org.testng.internal.MethodInvocationHelper.invokeMethod(MethodInvocationHelper.java:85)
	at org.testng.internal.Invoker.invokeMethod(Invoker.java:639)
	at org.testng.internal.Invoker.invokeTestMethod(Invoker.java:816)
	at org.testng.internal.Invoker.invokeTestMethods(Invoker.java:1124)
	at org.testng.internal.TestMethodWorker.invokeTestMethods(TestMethodWorker.java:125)
	at org.testng.internal.TestMethodWorker.run(TestMethodWorker.java:108)
	at org.testng.TestRunner.privateRun(TestRunner.java:774)
	at org.testng.TestRunner.run(TestRunner.java:624)
	at org.testng.SuiteRunner.runTest(SuiteRunner.java:359)
	at org.testng.SuiteRunner.runSequentially(SuiteRunner.java:354)
	at org.testng.SuiteRunner.privateRun(SuiteRunner.java:312)
	at org.testng.SuiteRunner.run(SuiteRunner.java:261)
	at org.testng.SuiteRunnerWorker.runSuite(SuiteRunnerWorker.java:52)
	at org.testng.SuiteRunnerWorker.run(SuiteRunnerWorker.java:86)
	at org.testng.TestNG.runSuitesSequentially(TestNG.java:1215)
	at org.testng.TestNG.runSuitesLocally(TestNG.java:1140)
	at org.testng.TestNG.run(TestNG.java:1048)
	at org.testng.remote.AbstractRemoteTestNG.run(AbstractRemoteTestNG.java:132)
	at org.testng.remote.RemoteTestNG.initAndRun(RemoteTestNG.java:230)
	at org.testng.remote.RemoteTestNG.main(RemoteTestNG.java:76)
</pre></div></td>
<td>6</td>
<td>testScripts.LoginScenario@5bcab519</td></tr>
</table><p>
<table width='100%' border='1' class='invocation-passed'>
<tr><td colspan='4' align='center'><b>PASSED TESTS</b></td></tr>
<tr><td><b>Test method</b></td>
<td width="30%"><b>Exception</b></td>
<td width="10%"><b>Time (seconds)</b></td>
<td><b>Instance</b></td>
</tr>
<tr>
<td title='testScripts.SearchScenario.searchBook()'><b>searchBook</b><br>Test class: testScripts.SearchScenario<br>Parameters: {TestDescription=This test is to validate the valid book search, UserName=qtpworld2008@gmail.com, AccountID=qtpworld2008 g, TC_ID=TC_02, Functionality=searchBook, TestScenario=Validating_search_functionality, BookNo.=497.0, RunStatus=Y, Run=1.0, SearchKeyword=ways, Password=learn123}</td>
<td></td>
<td>31</td>
<td>testScripts.SearchScenario@6fd02e5</td></tr>
<tr>
<td title='testScripts.SearchScenario.searchBook()'><b>searchBook</b><br>Test class: testScripts.SearchScenario<br>Parameters: {TestDescription=This test is to validate the invalid book search, UserName=qtpworld2008@gmail.com, AccountID=qtpworld2008 g, TC_ID=TC_02, Functionality=searchBook, TestScenario=Validating_search_functionality, BookNo.=, RunStatus=Y, Run=2.0, SearchKeyword=sdfsdfs, Password=learn123}</td>
<td></td>
<td>21</td>
<td>testScripts.SearchScenario@6fd02e5</td></tr>
<tr>
<td title='testScripts.LoginScenario.validLogin()'><b>validLogin</b><br>Test class: testScripts.LoginScenario<br>Parameters: {TestDescription=This test is to validate valid login, UserName=qtpworld2008@gmail.com, AccountID=qtpworld2008 g, TC_ID=TC_01, Functionality=validLogin, TestScenario=Login_Scenario_Check_Valid_and_Invalid, RunStatus=Y, Run=1.0, InvalidMessage=, Password=learn123}</td>
<td></td>
<td>22</td>
<td>testScripts.LoginScenario@5bcab519</td></tr>
</table><p>
</body>
</html>